<?xml version="1.0" encoding="UTF-8"?>
<testExecutions version="1">
  <file path="C:\Users\arthu\Desktop\FACULDADE\SUPLEMENTAR\ENG_II\event-manager\backend\src\app\controllers\Attraction\AttractionController.spec.ts">
    <testCase name="Attraction Controller Get all attractions: index()" duration="20"/>
    <testCase name="Attraction Controller Get one attraction: show()" duration="4"/>
    <testCase name="Attraction Controller Create one attraction: store()" duration="3"/>
    <testCase name="Attraction Controller Update one attraction: update()" duration="3"/>
    <testCase name="Attraction Controller Delete one attraction: delete()" duration="3"/>
  </file>
</testExecutions>